# JRE version: OpenJDK Runtime Environment (11.0.11+9) (build 11.0.11+9-b60-7590822)
# Java VM: OpenJDK 64-Bit Server VM (11.0.11+9-b60-7590822, mixed mode, tiered, compressed oops, g1 gc, windows-amd64)
Heap:
 garbage-first heap   total 157696K, used 46675K [0x0000000080000000, 0x0000000100000000)
  region size 1024K, 23 young (23552K), 9 survivors (9216K)
 Metaspace       used 38068K, capacity 39114K, committed 39168K, reserved 1083392K
  class space    used 4949K, capacity 5357K, committed 5376K, reserved 1048576K
GC Heap History (14 events):
Event: 0.686 GC heap before
{Heap before GC invocations=0 (full 0):
 garbage-first heap   total 131072K, used 19456K [0x0000000080000000, 0x0000000100000000)
  region size 1024K, 14 young (14336K), 0 survivors (0K)
 Metaspace       used 6746K, capacity 6937K, committed 7168K, reserved 1056768K
  class space    used 584K, capacity 650K, committed 768K, reserved 1048576K
}
Event: 0.692 GC heap after
{Heap after GC invocations=1 (full 0):
 garbage-first heap   total 131072K, used 7978K [0x0000000080000000, 0x0000000100000000)
  region size 1024K, 2 young (2048K), 2 survivors (2048K)
 Metaspace       used 6746K, capacity 6937K, committed 7168K, reserved 1056768K
  class space    used 584K, capacity 650K, committed 768K, reserved 1048576K
}
Event: 1.274 GC heap before
{Heap before GC invocations=1 (full 0):
 garbage-first heap   total 131072K, used 20266K [0x0000000080000000, 0x0000000100000000)
  region size 1024K, 14 young (14336K), 2 survivors (2048K)
 Metaspace       used 10274K, capacity 10565K, committed 10624K, reserved 1058816K
  class space    used 1073K, capacity 1139K, committed 1152K, reserved 1048576K
}
Event: 1.278 GC heap after
{Heap after GC invocations=2 (full 0):
 garbage-first heap   total 131072K, used 9423K [0x0000000080000000, 0x0000000100000000)
  region size 1024K, 2 young (2048K), 2 survivors (2048K)
 Metaspace       used 10274K, capacity 10565K, committed 10624K, reserved 1058816K
  class space    used 1073K, capacity 1139K, committed 1152K, reserved 1048576K
}
Event: 1.969 GC heap before
{Heap before GC invocations=2 (full 0):
 garbage-first heap   total 131072K, used 45263K [0x0000000080000000, 0x0000000100000000)
  region size 1024K, 37 young (37888K), 2 survivors (2048K)
 Metaspace       used 11296K, capacity 11520K, committed 11776K, reserved 1060864K
  class space    used 1178K, capacity 1244K, committed 1280K, reserved 1048576K
}
Event: 1.975 GC heap after
{Heap after GC invocations=3 (full 0):
 garbage-first heap   total 131072K, used 13510K [0x0000000080000000, 0x0000000100000000)
  region size 1024K, 5 young (5120K), 5 survivors (5120K)
 Metaspace       used 11296K, capacity 11520K, committed 11776K, reserved 1060864K
  class space    used 1178K, capacity 1244K, committed 1280K, reserved 1048576K
}
Event: 4.804 GC heap before
{Heap before GC invocations=3 (full 0):
 garbage-first heap   total 131072K, used 61638K [0x0000000080000000, 0x0000000100000000)
  region size 1024K, 52 young (53248K), 5 survivors (5120K)
 Metaspace       used 19456K, capacity 19929K, committed 20224K, reserved 1067008K
  class space    used 2350K, capacity 2467K, committed 2560K, reserved 1048576K
}
Event: 4.814 GC heap after
{Heap after GC invocations=4 (full 0):
 garbage-first heap   total 131072K, used 16373K [0x0000000080000000, 0x0000000100000000)
  region size 1024K, 3 young (3072K), 3 survivors (3072K)
 Metaspace       used 19456K, capacity 19929K, committed 20224K, reserved 1067008K
  class space    used 2350K, capacity 2467K, committed 2560K, reserved 1048576K
}
Event: 5.150 GC heap before
{Heap before GC invocations=4 (full 0):
 garbage-first heap   total 131072K, used 28661K [0x0000000080000000, 0x0000000100000000)
  region size 1024K, 16 young (16384K), 3 survivors (3072K)
 Metaspace       used 20713K, capacity 21194K, committed 21296K, reserved 1069056K
  class space    used 2533K, capacity 2676K, committed 2688K, reserved 1048576K
}
Event: 5.158 GC heap after
{Heap after GC invocations=5 (full 0):
 garbage-first heap   total 157696K, used 16661K [0x0000000080000000, 0x0000000100000000)
  region size 1024K, 4 young (4096K), 4 survivors (4096K)
 Metaspace       used 20713K, capacity 21194K, committed 21296K, reserved 1069056K
  class space    used 2533K, capacity 2676K, committed 2688K, reserved 1048576K
}
Event: 6.755 GC heap before
{Heap before GC invocations=6 (full 0):
 garbage-first heap   total 157696K, used 74005K [0x0000000080000000, 0x0000000100000000)
  region size 1024K, 59 young (60416K), 4 survivors (4096K)
 Metaspace       used 26674K, capacity 27361K, committed 27648K, reserved 1073152K
  class space    used 3491K, capacity 3717K, committed 3840K, reserved 1048576K
}
Event: 6.766 GC heap after
{Heap after GC invocations=7 (full 0):
 garbage-first heap   total 157696K, used 21415K [0x0000000080000000, 0x0000000100000000)
  region size 1024K, 6 young (6144K), 6 survivors (6144K)
 Metaspace       used 26674K, capacity 27361K, committed 27648K, reserved 1073152K
  class space    used 3491K, capacity 3717K, committed 3840K, reserved 1048576K
}
Event: 9.975 GC heap before
{Heap before GC invocations=7 (full 0):
 garbage-first heap   total 157696K, used 95143K [0x0000000080000000, 0x0000000100000000)
  region size 1024K, 72 young (73728K), 6 survivors (6144K)
 Metaspace       used 35019K, capacity 35922K, committed 35968K, reserved 1081344K
  class space    used 4582K, capacity 4953K, committed 4992K, reserved 1048576K
}
Event: 9.991 GC heap after
{Heap after GC invocations=8 (full 0):
 garbage-first heap   total 157696K, used 34387K [0x0000000080000000, 0x0000000100000000)
  region size 1024K, 9 young (9216K), 9 survivors (9216K)
 Metaspace       used 35019K, capacity 35922K, committed 35968K, reserved 1081344K
  class space    used 4582K, capacity 4953K, committed 4992K, reserved 1048576K
}

